1615002596176	geckodriver	INFO	Listening on 127.0.0.1:65154
1615002599259	mozrunner::runner	INFO	Running command: "C:\\Program Files\\Mozilla Firefox\\firefox.exe" "--marionette" "-foreground" "-no-remote" "-profile" "C:\\Users\\admin\\AppData\\Local\\Temp\\rust_mozprofile8ectc0"
console.warn: SearchSettings: "get: No settings file exists, new profile?" (new Error("", "(unknown module)"))
1615002607545	Marionette	INFO	Listening on port 65166
1615002607862	Marionette	WARN	TLS certificate errors will be ignored for this session
JavaScript error: resource://gre/modules/XULStore.jsm, line 66: Error: Can't find profile directory.
JavaScript error: resource://gre/modules/XULStore.jsm, line 66: Error: Can't find profile directory.
1615002619553	Marionette	INFO	Stopped listening on port 65166

###!!! [Child][RunMessage] Error: Channel closing: too late to send/recv, messages will be lost

1615002693725	geckodriver	INFO	Listening on 127.0.0.1:65241
1615002696771	mozrunner::runner	INFO	Running command: "C:\\Program Files\\Mozilla Firefox\\firefox.exe" "--marionette" "-foreground" "-no-remote" "-profile" "C:\\Users\\admin\\AppData\\Local\\Temp\\rust_mozprofileRaGVjJ"
console.warn: SearchSettings: "get: No settings file exists, new profile?" (new Error("", "(unknown module)"))
1615002703932	Marionette	INFO	Listening on port 65249
1615002704327	Marionette	WARN	TLS certificate errors will be ignored for this session
JavaScript error: resource://gre/modules/XULStore.jsm, line 66: Error: Can't find profile directory.
JavaScript error: resource://gre/modules/XULStore.jsm, line 66: Error: Can't find profile directory.
1615002715079	Marionette	INFO	Stopped listening on port 65249

###!!! [Child][RunMessage] Error: Channel closing: too late to send/recv, messages will be lost

1615003042579	geckodriver	INFO	Listening on 127.0.0.1:65437
1615003045596	mozrunner::runner	INFO	Running command: "C:\\Program Files\\Mozilla Firefox\\firefox.exe" "--marionette" "-foreground" "-no-remote" "-profile" "C:\\Users\\admin\\AppData\\Local\\Temp\\rust_mozprofile8ASCqO"
console.warn: SearchSettings: "get: No settings file exists, new profile?" (new Error("", "(unknown module)"))
1615003053630	Marionette	INFO	Listening on port 65445
1615003054142	Marionette	WARN	TLS certificate errors will be ignored for this session
JavaScript error: resource://gre/modules/XULStore.jsm, line 66: Error: Can't find profile directory.
JavaScript error: resource://gre/modules/XULStore.jsm, line 66: Error: Can't find profile directory.
1615003063877	Marionette	INFO	Stopped listening on port 65445

###!!! [Child][RunMessage] Error: Channel closing: too late to send/recv, messages will be lost

